# JRE version: Java(TM) SE Runtime Environment (8.0_112-b15) (build 1.8.0_112-b15)
# Java VM: Java HotSpot(TM) 64-Bit Server VM (25.112-b15 mixed mode windows-amd64 compressed oops)
Heap:
 PSYoungGen      total 57344K, used 37377K [0x00000007bc400000, 0x00000007c0000000, 0x00000007c0000000)
  eden space 53248K, 67% used [0x00000007bc400000,0x00000007be6dcf78,0x00000007bf800000)
  from space 4096K, 40% used [0x00000007bfc00000,0x00000007bfda37b8,0x00000007c0000000)
  to   space 4096K, 0% used [0x00000007bf800000,0x00000007bf800000,0x00000007bfc00000)
 ParOldGen       total 96256K, used 59560K [0x0000000700000000, 0x0000000705e00000, 0x00000007bc400000)
  object space 96256K, 61% used [0x0000000700000000,0x0000000703a2a1a0,0x0000000705e00000)
 Metaspace       used 73153K, capacity 73941K, committed 74624K, reserved 1114112K
  class space    used 9850K, capacity 10013K, committed 10112K, reserved 1048576K
GC Heap History (10 events):
Event: 757.371 GC heap before
{Heap before GC invocations=185 (full 15):
 PSYoungGen      total 56832K, used 448K [0x00000007bc400000, 0x00000007c0000000, 0x00000007c0000000)
  eden space 51712K, 0% used [0x00000007bc400000,0x00000007bc400000,0x00000007bf680000)
  from space 5120K, 8% used [0x00000007bfb00000,0x00000007bfb70000,0x00000007c0000000)
  to   space 4608K, 0% used [0x00000007bf680000,0x00000007bf680000,0x00000007bfb00000)
 ParOldGen       total 96256K, used 59468K [0x0000000700000000, 0x0000000705e00000, 0x00000007bc400000)
  object space 96256K, 61% used [0x0000000700000000,0x0000000703a13030,0x0000000705e00000)
 Metaspace       used 73110K, capacity 73877K, committed 74624K, reserved 1114112K
  class space    used 9850K, capacity 10013K, committed 10112K, reserved 1048576K
Event: 757.472 GC heap after
Heap after GC invocations=185 (full 15):
 PSYoungGen      total 56832K, used 0K [0x00000007bc400000, 0x00000007c0000000, 0x00000007c0000000)
  eden space 51712K, 0% used [0x00000007bc400000,0x00000007bc400000,0x00000007bf680000)
  from space 5120K, 0% used [0x00000007bfb00000,0x00000007bfb00000,0x00000007c0000000)
  to   space 4608K, 0% used [0x00000007bf680000,0x00000007bf680000,0x00000007bfb00000)
 ParOldGen       total 96256K, used 59558K [0x0000000700000000, 0x0000000705e00000, 0x00000007bc400000)
  object space 96256K, 61% used [0x0000000700000000,0x0000000703a29920,0x0000000705e00000)
 Metaspace       used 73110K, capacity 73877K, committed 74624K, reserved 1114112K
  class space    used 9850K, capacity 10013K, committed 10112K, reserved 1048576K
}
Event: 762.427 GC heap before
{Heap before GC invocations=186 (full 15):
 PSYoungGen      total 56832K, used 51712K [0x00000007bc400000, 0x00000007c0000000, 0x00000007c0000000)
  eden space 51712K, 100% used [0x00000007bc400000,0x00000007bf680000,0x00000007bf680000)
  from space 5120K, 0% used [0x00000007bfb00000,0x00000007bfb00000,0x00000007c0000000)
  to   space 4608K, 0% used [0x00000007bf680000,0x00000007bf680000,0x00000007bfb00000)
 ParOldGen       total 96256K, used 59558K [0x0000000700000000, 0x0000000705e00000, 0x00000007bc400000)
  object space 96256K, 61% used [0x0000000700000000,0x0000000703a29920,0x0000000705e00000)
 Metaspace       used 73133K, capacity 73941K, committed 74624K, reserved 1114112K
  class space    used 9850K, capacity 10013K, committed 10112K, reserved 1048576K
Event: 762.430 GC heap after
Heap after GC invocations=186 (full 15):
 PSYoungGen      total 56320K, used 512K [0x00000007bc400000, 0x00000007c0000000, 0x00000007c0000000)
  eden space 51712K, 0% used [0x00000007bc400000,0x00000007bc400000,0x00000007bf680000)
  from space 4608K, 11% used [0x00000007bf680000,0x00000007bf700000,0x00000007bfb00000)
  to   space 4608K, 0% used [0x00000007bfb80000,0x00000007bfb80000,0x00000007c0000000)
 ParOldGen       total 96256K, used 59558K [0x0000000700000000, 0x0000000705e00000, 0x00000007bc400000)
  object space 96256K, 61% used [0x0000000700000000,0x0000000703a29920,0x0000000705e00000)
 Metaspace       used 73133K, capacity 73941K, committed 74624K, reserved 1114112K
  class space    used 9850K, capacity 10013K, committed 10112K, reserved 1048576K
}
Event: 776.457 GC heap before
{Heap before GC invocations=187 (full 15):
 PSYoungGen      total 56320K, used 52224K [0x00000007bc400000, 0x00000007c0000000, 0x00000007c0000000)
  eden space 51712K, 100% used [0x00000007bc400000,0x00000007bf680000,0x00000007bf680000)
  from space 4608K, 11% used [0x00000007bf680000,0x00000007bf700000,0x00000007bfb00000)
  to   space 4608K, 0% used [0x00000007bfb80000,0x00000007bfb80000,0x00000007c0000000)
 ParOldGen       total 96256K, used 59558K [0x0000000700000000, 0x0000000705e00000, 0x00000007bc400000)
  object space 96256K, 61% used [0x0000000700000000,0x0000000703a29920,0x0000000705e00000)
 Metaspace       used 73143K, capacity 73941K, committed 74624K, reserved 1114112K
  class space    used 9850K, capacity 10013K, committed 10112K, reserved 1048576K
Event: 776.466 GC heap after
Heap after GC invocations=187 (full 15):
 PSYoungGen      total 57344K, used 864K [0x00000007bc400000, 0x00000007c0000000, 0x00000007c0000000)
  eden space 52736K, 0% used [0x00000007bc400000,0x00000007bc400000,0x00000007bf780000)
  from space 4608K, 18% used [0x00000007bfb80000,0x00000007bfc58000,0x00000007c0000000)
  to   space 4096K, 0% used [0x00000007bf780000,0x00000007bf780000,0x00000007bfb80000)
 ParOldGen       total 96256K, used 59558K [0x0000000700000000, 0x0000000705e00000, 0x00000007bc400000)
  object space 96256K, 61% used [0x0000000700000000,0x0000000703a29920,0x0000000705e00000)
 Metaspace       used 73143K, capacity 73941K, committed 74624K, reserved 1114112K
  class space    used 9850K, capacity 10013K, committed 10112K, reserved 1048576K
}
Event: 780.965 GC heap before
{Heap before GC invocations=188 (full 15):
 PSYoungGen      total 57344K, used 53600K [0x00000007bc400000, 0x00000007c0000000, 0x00000007c0000000)
  eden space 52736K, 100% used [0x00000007bc400000,0x00000007bf780000,0x00000007bf780000)
  from space 4608K, 18% used [0x00000007bfb80000,0x00000007bfc58000,0x00000007c0000000)
  to   space 4096K, 0% used [0x00000007bf780000,0x00000007bf780000,0x00000007bfb80000)
 ParOldGen       total 96256K, used 59558K [0x0000000700000000, 0x0000000705e00000, 0x00000007bc400000)
  object space 96256K, 61% used [0x0000000700000000,0x0000000703a29940,0x0000000705e00000)
 Metaspace       used 73146K, capacity 73941K, committed 74624K, reserved 1114112K
  class space    used 9850K, capacity 10013K, committed 10112K, reserved 1048576K
Event: 780.969 GC heap after
Heap after GC invocations=188 (full 15):
 PSYoungGen      total 56832K, used 1421K [0x00000007bc400000, 0x00000007c0000000, 0x00000007c0000000)
  eden space 52736K, 0% used [0x00000007bc400000,0x00000007bc400000,0x00000007bf780000)
  from space 4096K, 34% used [0x00000007bf780000,0x00000007bf8e37b8,0x00000007bfb80000)
  to   space 4096K, 0% used [0x00000007bfc00000,0x00000007bfc00000,0x00000007c0000000)
 ParOldGen       total 96256K, used 59558K [0x0000000700000000, 0x0000000705e00000, 0x00000007bc400000)
  object space 96256K, 61% used [0x0000000700000000,0x0000000703a29940,0x0000000705e00000)
 Metaspace       used 73146K, capacity 73941K, committed 74624K, reserved 1114112K
  class space    used 9850K, capacity 10013K, committed 10112K, reserved 1048576K
}
Event: 783.968 GC heap before
{Heap before GC invocations=189 (full 15):
 PSYoungGen      total 56832K, used 54157K [0x00000007bc400000, 0x00000007c0000000, 0x00000007c0000000)
  eden space 52736K, 100% used [0x00000007bc400000,0x00000007bf780000,0x00000007bf780000)
  from space 4096K, 34% used [0x00000007bf780000,0x00000007bf8e37b8,0x00000007bfb80000)
  to   space 4096K, 0% used [0x00000007bfc00000,0x00000007bfc00000,0x00000007c0000000)
 ParOldGen       total 96256K, used 59560K [0x0000000700000000, 0x0000000705e00000, 0x00000007bc400000)
  object space 96256K, 61% used [0x0000000700000000,0x0000000703a2a1a0,0x0000000705e00000)
 Metaspace       used 73152K, capacity 73941K, committed 74624K, reserved 1114112K
  class space    used 9850K, capacity 10013K, committed 10112K, reserved 1048576K
Event: 783.984 GC heap after
Heap after GC invocations=189 (full 15):
 PSYoungGen      total 57344K, used 1677K [0x00000007bc400000, 0x00000007c0000000, 0x00000007c0000000)
  eden space 53248K, 0% used [0x00000007bc400000,0x00000007bc400000,0x00000007bf800000)
  from space 4096K, 40% used [0x00000007bfc00000,0x00000007bfda37b8,0x00000007c0000000)
  to   space 4096K, 0% used [0x00000007bf800000,0x00000007bf800000,0x00000007bfc00000)
 ParOldGen       total 96256K, used 59560K [0x0000000700000000, 0x0000000705e00000, 0x00000007bc400000)
  object space 96256K, 61% used [0x0000000700000000,0x0000000703a2a1a0,0x0000000705e00000)
 Metaspace       used 73152K, capacity 73941K, committed 74624K, reserved 1114112K
  class space    used 9850K, capacity 10013K, committed 10112K, reserved 1048576K
}

