  test.cpp
e:\1freeeee\我\files\os\lab4\test\test\test\test.cpp(8): error C2065: “NULL”: 未声明的标识符
e:\1freeeee\我\files\os\lab4\test\test\test\test.cpp(9): error C3861: “strlen”: 找不到标识符
e:\1freeeee\我\files\os\lab4\test\test\test\test.cpp(13): error C3861: “malloc”: 找不到标识符
e:\1freeeee\我\files\os\lab4\test\test\test\test.cpp(29): error C3861: “malloc”: 找不到标识符
e:\1freeeee\我\files\os\lab4\test\test\test\test.cpp(38): error C3861: “malloc”: 找不到标识符
e:\1freeeee\我\files\os\lab4\test\test\test\test.cpp(55): error C3861: “puts”: 找不到标识符
e:\1freeeee\我\files\os\lab4\test\test\test\test.cpp(56): error C3861: “free”: 找不到标识符
